[debug] [2022-03-12T18:30:50.073Z] ----------------------------------------------------------------------
[debug] [2022-03-12T18:30:50.076Z] Command:       /Users/rikki/.nvm/versions/node/v16.13.1/bin/node /Users/rikki/.nvm/versions/node/v16.13.1/bin/firebase emulators:start --project dirtylittlepaws-487d9 --import=./saved-data --export-on-exit
[debug] [2022-03-12T18:30:50.077Z] CLI Version:   10.0.1
[debug] [2022-03-12T18:30:50.078Z] Platform:      darwin
[debug] [2022-03-12T18:30:50.078Z] Node Version:  v16.13.1
[debug] [2022-03-12T18:30:50.080Z] Time:          Sat Mar 12 2022 12:30:50 GMT-0600 (Central Standard Time)
[debug] [2022-03-12T18:30:50.081Z] ----------------------------------------------------------------------
[debug] 
[debug] [2022-03-12T18:30:50.188Z] > command requires scopes: ["email","openid","https://www.googleapis.com/auth/cloudplatformprojects.readonly","https://www.googleapis.com/auth/firebase","https://www.googleapis.com/auth/cloud-platform"]
[debug] [2022-03-12T18:30:50.189Z] > authorizing via signed-in user (rikkipan@gmail.com)
[info] i  emulators: Starting emulators: auth, database, hosting {"metadata":{"emulator":{"name":"hub"},"message":"Starting emulators: auth, database, hosting"}}
[debug] [2022-03-12T18:30:50.211Z] [hub] writing locator at /var/folders/h9/65wlq5wx0dj0lslc8s4cdjw00000gn/T/hub-dirtylittlepaws-487d9.json
[debug] [2022-03-12T18:30:50.246Z] >>> [apiv2][query] GET https://firebase.googleapis.com/v1beta1/projects/dirtylittlepaws-487d9 [none]
[debug] [2022-03-12T18:30:50.371Z] <<< [apiv2][status] GET https://firebase.googleapis.com/v1beta1/projects/dirtylittlepaws-487d9 200
[debug] [2022-03-12T18:30:50.371Z] <<< [apiv2][body] GET https://firebase.googleapis.com/v1beta1/projects/dirtylittlepaws-487d9 {"projectId":"dirtylittlepaws-487d9","projectNumber":"781498327165","displayName":"DirtyLittlePaws","name":"projects/dirtylittlepaws-487d9","resources":{"hostingSite":"dirtylittlepaws-487d9","realtimeDatabaseInstance":"dirtylittlepaws-487d9-default-rtdb","storageBucket":"dirtylittlepaws-487d9.appspot.com","locationId":"us-central"},"state":"ACTIVE"}
[debug] [2022-03-12T18:30:50.371Z] database rules config:  []
[warn] ⚠  database: Did not find a Realtime Database rules file specified in a firebase.json config file. The emulator will default to allowing all reads and writes. Learn more about this option: https://firebase.google.com/docs/emulator-suite/install_and_configure#security_rules_configuration. {"metadata":{"emulator":{"name":"database"},"message":"Did not find a Realtime Database rules file specified in a firebase.json config file. The emulator will default to allowing all reads and writes. Learn more about this option: https://firebase.google.com/docs/emulator-suite/install_and_configure#security_rules_configuration."}}
[debug] [2022-03-12T18:30:50.374Z] Ignoring unsupported arg: projectId {"metadata":{"emulator":{"name":"database"},"message":"Ignoring unsupported arg: projectId"}}
[debug] [2022-03-12T18:30:50.374Z] Ignoring unsupported arg: auto_download {"metadata":{"emulator":{"name":"database"},"message":"Ignoring unsupported arg: auto_download"}}
[debug] [2022-03-12T18:30:50.375Z] Ignoring unsupported arg: rules {"metadata":{"emulator":{"name":"database"},"message":"Ignoring unsupported arg: rules"}}
[debug] [2022-03-12T18:30:50.375Z] Starting Database Emulator with command {"binary":"java","args":["-Duser.language=en","-jar","/Users/rikki/.cache/firebase/emulators/firebase-database-emulator-v4.7.3.jar","--host","localhost","--port",9000],"optionalArgs":["port","host","functions_emulator_port","functions_emulator_host"],"joinArgs":false} {"metadata":{"emulator":{"name":"database"},"message":"Starting Database Emulator with command {\"binary\":\"java\",\"args\":[\"-Duser.language=en\",\"-jar\",\"/Users/rikki/.cache/firebase/emulators/firebase-database-emulator-v4.7.3.jar\",\"--host\",\"localhost\",\"--port\",9000],\"optionalArgs\":[\"port\",\"host\",\"functions_emulator_port\",\"functions_emulator_host\"],\"joinArgs\":false}"}}
[info] i  database: Database Emulator logging to database-debug.log {"metadata":{"emulator":{"name":"database"},"message":"Database Emulator logging to \u001b[1mdatabase-debug.log\u001b[22m"}}
[debug] [2022-03-12T18:30:52.400Z] 12:30:52.398 [NamespaceSystem-akka.actor.default-dispatcher-4] INFO akka.event.slf4j.Slf4jLogger - Slf4jLogger started
 {"metadata":{"emulator":{"name":"database"},"message":"12:30:52.398 [NamespaceSystem-akka.actor.default-dispatcher-4] INFO akka.event.slf4j.Slf4jLogger - Slf4jLogger started\n"}}
[debug] [2022-03-12T18:30:52.589Z] 12:30:52.588 [main] INFO com.firebase.server.forge.App$ - Listening at localhost:9000
 {"metadata":{"emulator":{"name":"database"},"message":"12:30:52.588 [main] INFO com.firebase.server.forge.App$ - Listening at localhost:9000\n"}}
[info] i  database: Importing data from /Users/rikki/Desktop/DIrtyLittlePaws/saved-data/database_export/dirtylittlepaws-487d9-default-rtdb.json {"metadata":{"emulator":{"name":"database"},"message":"Importing data from /Users/rikki/Desktop/DIrtyLittlePaws/saved-data/database_export/dirtylittlepaws-487d9-default-rtdb.json"}}
[info] i  database: Importing data from /Users/rikki/Desktop/DIrtyLittlePaws/saved-data/database_export/dirtylittlepaws-487d9.json {"metadata":{"emulator":{"name":"database"},"message":"Importing data from /Users/rikki/Desktop/DIrtyLittlePaws/saved-data/database_export/dirtylittlepaws-487d9.json"}}
[info] i  auth: Importing config from /Users/rikki/Desktop/DIrtyLittlePaws/saved-data/auth_export/config.json {"metadata":{"emulator":{"name":"database"},"message":"Importing config from /Users/rikki/Desktop/DIrtyLittlePaws/saved-data/auth_export/config.json"}}
[info] i  auth: Importing accounts from /Users/rikki/Desktop/DIrtyLittlePaws/saved-data/auth_export/accounts.json {"metadata":{"emulator":{"name":"database"},"message":"Importing accounts from /Users/rikki/Desktop/DIrtyLittlePaws/saved-data/auth_export/accounts.json"}}
[debug] [2022-03-12T18:30:56.967Z] >>> [apiv2][query] GET https://firebasehosting.googleapis.com/v1beta1/projects/dirtylittlepaws-487d9/sites 
[debug] [2022-03-12T18:30:57.157Z] <<< [apiv2][status] GET https://firebasehosting.googleapis.com/v1beta1/projects/dirtylittlepaws-487d9/sites 200
[debug] [2022-03-12T18:30:57.157Z] <<< [apiv2][body] GET https://firebasehosting.googleapis.com/v1beta1/projects/dirtylittlepaws-487d9/sites {"sites":[{"name":"projects/781498327165/sites/dirtylittlepaws-487d9","defaultUrl":"https://dirtylittlepaws-487d9.web.app","type":"DEFAULT_SITE"},{"name":"projects/781498327165/sites/dirtylittlepawsdevelop","defaultUrl":"https://dirtylittlepawsdevelop.web.app","type":"USER_SITE"}]}
[debug] [2022-03-12T18:30:57.157Z] >>> [apiv2][query] GET https://firebase.googleapis.com/v1beta1/projects/dirtylittlepaws-487d9/webApps/-/config [none]
[debug] [2022-03-12T18:30:57.353Z] <<< [apiv2][status] GET https://firebase.googleapis.com/v1beta1/projects/dirtylittlepaws-487d9/webApps/-/config 200
[debug] [2022-03-12T18:30:57.354Z] <<< [apiv2][body] GET https://firebase.googleapis.com/v1beta1/projects/dirtylittlepaws-487d9/webApps/-/config {"projectId":"dirtylittlepaws-487d9","appId":"1:781498327165:web:9da20c4afa727b8e5e5114","databaseURL":"https://dirtylittlepaws-487d9-default-rtdb.firebaseio.com","storageBucket":"dirtylittlepaws-487d9.appspot.com","locationId":"us-central","apiKey":"AIzaSyBAAAaqRWLP7A4BwEmCVC2OWoKXw8j79W4","authDomain":"dirtylittlepaws-487d9.firebaseapp.com","messagingSenderId":"781498327165"}
[info] i  hosting: Serving hosting files from: build {"metadata":{"emulator":{"name":"hosting"},"message":"Serving hosting files from: \u001b[1mbuild\u001b[22m"}}
[info] ✔  hosting: Local server: http://localhost:5000 {"metadata":{"emulator":{"name":"hosting"},"message":"Local server: \u001b[4m\u001b[1mhttp://localhost:5000\u001b[22m\u001b[24m"}}
[info] i  ui: downloading ui-v1.6.4.zip... {"metadata":{"emulator":{"name":"ui"},"message":"downloading ui-v1.6.4.zip..."}}
[debug] [2022-03-12T18:30:57.927Z] >>> [apiv2][query] GET https://storage.googleapis.com/firebase-preview-drop/emulator/ui-v1.6.4.zip 
[debug] [2022-03-12T18:30:57.977Z] <<< [apiv2][status] GET https://storage.googleapis.com/firebase-preview-drop/emulator/ui-v1.6.4.zip 200
[debug] [2022-03-12T18:30:57.978Z] <<< [apiv2][body] GET https://storage.googleapis.com/firebase-preview-drop/emulator/ui-v1.6.4.zip [stream]
[debug] [2022-03-12T18:30:58.597Z] Ignoring unsupported arg: auto_download {"metadata":{"emulator":{"name":"ui"},"message":"Ignoring unsupported arg: auto_download"}}
[debug] [2022-03-12T18:30:58.597Z] Ignoring unsupported arg: port {"metadata":{"emulator":{"name":"ui"},"message":"Ignoring unsupported arg: port"}}
[debug] [2022-03-12T18:30:58.598Z] Starting Emulator UI with command {"binary":"node","args":["/Users/rikki/.cache/firebase/emulators/ui-v1.6.4/server.bundle.js"],"optionalArgs":[],"joinArgs":false} {"metadata":{"emulator":{"name":"ui"},"message":"Starting Emulator UI with command {\"binary\":\"node\",\"args\":[\"/Users/rikki/.cache/firebase/emulators/ui-v1.6.4/server.bundle.js\"],\"optionalArgs\":[],\"joinArgs\":false}"}}
[info] i  ui: Emulator UI logging to ui-debug.log {"metadata":{"emulator":{"name":"ui"},"message":"Emulator UI logging to \u001b[1mui-debug.log\u001b[22m"}}
[debug] [2022-03-12T18:30:58.737Z] Web / API server started at localhost:4000
 {"metadata":{"emulator":{"name":"ui"},"message":"Web / API server started at localhost:4000\n"}}
[info] 
┌─────────────────────────────────────────────────────────────┐
│ ✔  All emulators ready! It is now safe to connect your app. │
│ i  View Emulator UI at http://localhost:4000                │
└─────────────────────────────────────────────────────────────┘

┌────────────────┬────────────────┬────────────────────────────────┐
│ Emulator       │ Host:Port      │ View in Emulator UI            │
├────────────────┼────────────────┼────────────────────────────────┤
│ Authentication │ localhost:9099 │ http://localhost:4000/auth     │
├────────────────┼────────────────┼────────────────────────────────┤
│ Database       │ localhost:9000 │ http://localhost:4000/database │
├────────────────┼────────────────┼────────────────────────────────┤
│ Hosting        │ localhost:5000 │ n/a                            │
└────────────────┴────────────────┴────────────────────────────────┘
  Emulator Hub running at localhost:4400
  Other reserved ports: 4500

Issues? Report them at https://github.com/firebase/firebase-tools/issues and attach the *-debug.log files.
 
